<?xml version="1.0" encoding="UTF-8"?>
<testng-results skipped="0" failed="0" ignored="0" total="2" passed="2">
  <reporter-output>
  </reporter-output>
  <suite name="Default suite" duration-ms="48" started-at="2018-03-04T08:46:51Z" finished-at="2018-03-04T08:46:51Z">
    <groups>
    </groups>
    <test name="Default test" duration-ms="48" started-at="2018-03-04T08:46:51Z" finished-at="2018-03-04T08:46:51Z">
      <class name="JnitTest.TestNGSecond">
        <test-method status="PASS" signature="BrowserStart()[pri:0, instance:JnitTest.TestNGSecond@4520ebad]" name="BrowserStart" is-config="true" duration-ms="6" started-at="2018-03-04T08:46:51Z" finished-at="2018-03-04T08:46:51Z">
          <reporter-output>
          </reporter-output>
        </test-method> <!-- BrowserStart -->
        <test-method status="PASS" signature="Compose()[pri:0, instance:JnitTest.TestNGSecond@4520ebad]" name="Compose" duration-ms="12" started-at="2018-03-04T08:46:51Z" finished-at="2018-03-04T08:46:51Z">
          <reporter-output>
          </reporter-output>
        </test-method> <!-- Compose -->
        <test-method status="PASS" signature="BrwserClose()[pri:0, instance:JnitTest.TestNGSecond@4520ebad]" name="BrwserClose" is-config="true" duration-ms="0" started-at="2018-03-04T08:46:51Z" finished-at="2018-03-04T08:46:51Z">
          <reporter-output>
          </reporter-output>
        </test-method> <!-- BrwserClose -->
        <test-method status="PASS" signature="BrowserStart()[pri:0, instance:JnitTest.TestNGSecond@4520ebad]" name="BrowserStart" is-config="true" duration-ms="0" started-at="2018-03-04T08:46:51Z" finished-at="2018-03-04T08:46:51Z">
          <reporter-output>
          </reporter-output>
        </test-method> <!-- BrowserStart -->
        <test-method status="PASS" signature="Login()[pri:0, instance:JnitTest.TestNGSecond@4520ebad]" name="Login" duration-ms="1" started-at="2018-03-04T08:46:51Z" depends-on-methods="JnitTest.TestNGSecond.Compose" finished-at="2018-03-04T08:46:51Z">
          <reporter-output>
          </reporter-output>
        </test-method> <!-- Login -->
        <test-method status="PASS" signature="BrwserClose()[pri:0, instance:JnitTest.TestNGSecond@4520ebad]" name="BrwserClose" is-config="true" duration-ms="0" started-at="2018-03-04T08:46:51Z" finished-at="2018-03-04T08:46:51Z">
          <reporter-output>
          </reporter-output>
        </test-method> <!-- BrwserClose -->
      </class> <!-- JnitTest.TestNGSecond -->
    </test> <!-- Default test -->
  </suite> <!-- Default suite -->
</testng-results>
