<?xml version="1.0" encoding="UTF-8"?>
<testng-results skipped="0" failed="0" ignored="0" total="2" passed="2">
  <reporter-output>
  </reporter-output>
  <suite name="Default suite" duration-ms="39" started-at="2018-10-31T17:02:14Z" finished-at="2018-10-31T17:02:14Z">
    <groups>
    </groups>
    <test name="Default test" duration-ms="39" started-at="2018-10-31T17:02:14Z" finished-at="2018-10-31T17:02:14Z">
      <class name="JnitTest.TestNGFlow">
        <test-method status="PASS" signature="action4()[pri:0, instance:JnitTest.TestNGFlow@2a5ca609]" name="action4" is-config="true" duration-ms="12" started-at="2018-10-31T17:02:14Z" finished-at="2018-10-31T17:02:14Z">
          <reporter-output>
          </reporter-output>
        </test-method> <!-- action4 -->
        <test-method status="PASS" signature="action3()[pri:0, instance:JnitTest.TestNGFlow@2a5ca609]" name="action3" is-config="true" duration-ms="0" started-at="2018-10-31T17:02:14Z" finished-at="2018-10-31T17:02:14Z">
          <reporter-output>
          </reporter-output>
        </test-method> <!-- action3 -->
        <test-method status="PASS" signature="action1()[pri:0, instance:JnitTest.TestNGFlow@2a5ca609]" name="action1" is-config="true" duration-ms="0" started-at="2018-10-31T17:02:14Z" finished-at="2018-10-31T17:02:14Z">
          <reporter-output>
          </reporter-output>
        </test-method> <!-- action1 -->
        <test-method status="PASS" signature="action2()[pri:0, instance:JnitTest.TestNGFlow@2a5ca609]" name="action2" is-config="true" duration-ms="3" started-at="2018-10-31T17:02:14Z" finished-at="2018-10-31T17:02:14Z">
          <reporter-output>
          </reporter-output>
        </test-method> <!-- action2 -->
        <test-method status="PASS" signature="action5()[pri:0, instance:JnitTest.TestNGFlow@2a5ca609]" name="action5" duration-ms="6" started-at="2018-10-31T17:02:14Z" finished-at="2018-10-31T17:02:14Z">
          <reporter-output>
          </reporter-output>
        </test-method> <!-- action5 -->
        <test-method status="PASS" signature="action8()[pri:0, instance:JnitTest.TestNGFlow@2a5ca609]" name="action8" is-config="true" duration-ms="0" started-at="2018-10-31T17:02:14Z" finished-at="2018-10-31T17:02:14Z">
          <reporter-output>
          </reporter-output>
        </test-method> <!-- action8 -->
        <test-method status="PASS" signature="action6()[pri:0, instance:JnitTest.TestNGFlow@2a5ca609]" name="action6" duration-ms="1" started-at="2018-10-31T17:02:14Z" finished-at="2018-10-31T17:02:14Z">
          <reporter-output>
          </reporter-output>
        </test-method> <!-- action6 -->
        <test-method status="PASS" signature="action2()[pri:0, instance:JnitTest.TestNGFlow@2a5ca609]" name="action2" is-config="true" duration-ms="0" started-at="2018-10-31T17:02:14Z" finished-at="2018-10-31T17:02:14Z">
          <reporter-output>
          </reporter-output>
        </test-method> <!-- action2 -->
        <test-method status="PASS" signature="action8()[pri:0, instance:JnitTest.TestNGFlow@2a5ca609]" name="action8" is-config="true" duration-ms="1" started-at="2018-10-31T17:02:14Z" finished-at="2018-10-31T17:02:14Z">
          <reporter-output>
          </reporter-output>
        </test-method> <!-- action8 -->
        <test-method status="PASS" signature="action9()[pri:0, instance:JnitTest.TestNGFlow@2a5ca609]" name="action9" is-config="true" duration-ms="0" started-at="2018-10-31T17:02:14Z" finished-at="2018-10-31T17:02:14Z">
          <reporter-output>
          </reporter-output>
        </test-method> <!-- action9 -->
        <test-method status="PASS" signature="action7()[pri:0, instance:JnitTest.TestNGFlow@2a5ca609]" name="action7" is-config="true" duration-ms="1" started-at="2018-10-31T17:02:14Z" finished-at="2018-10-31T17:02:14Z">
          <reporter-output>
          </reporter-output>
        </test-method> <!-- action7 -->
        <test-method status="PASS" signature="action10()[pri:0, instance:JnitTest.TestNGFlow@2a5ca609]" name="action10" is-config="true" duration-ms="1" started-at="2018-10-31T17:02:14Z" finished-at="2018-10-31T17:02:14Z">
          <reporter-output>
          </reporter-output>
        </test-method> <!-- action10 -->
      </class> <!-- JnitTest.TestNGFlow -->
    </test> <!-- Default test -->
  </suite> <!-- Default suite -->
</testng-results>
